<?xml version="1.0" encoding="UTF-8"?>
<testsuite xmlns:xsi="http://www.w3.org/2001/XMLSchema-instance" xsi:noNamespaceSchemaLocation="https://maven.apache.org/surefire/maven-surefire-plugin/xsd/surefire-test-report.xsd" version="3.0.2" name="com.example.wallet.service.WalletServiceTest" time="0.222" tests="7" errors="0" skipped="0" failures="0">
  <properties>
[...]
</properties>
  <testcase name="withdraw_insufficientBalance" classname="com.example.wallet.service.WalletServiceTest" time="0.191">
    <system-out><![CDATA[{"timestamp":"2025-05-29T23:33:12.244-0300","level":"INFO","logger":"com.example.wallet.serviceImpl.WalletServiceImpl","thread":"main","message":"Starting the withdrawal of funds","context":""}
]]></system-out>
  </testcase>
  <testcase name="getWallet_found" classname="com.example.wallet.service.WalletServiceTest" time="0.004">
    <system-out><![CDATA[{"timestamp":"2025-05-29T23:33:12.248-0300","level":"INFO","logger":"com.example.wallet.serviceImpl.WalletServiceImpl","thread":"main","message":"Retrieve the current balance of a user's wallet","context":""}
]]></system-out>
  </testcase>
  <testcase name="transfer_success" classname="com.example.wallet.service.WalletServiceTest" time="0.007">
    <system-out><![CDATA[{"timestamp":"2025-05-29T23:33:12.255-0300","level":"INFO","logger":"com.example.wallet.serviceImpl.WalletServiceImpl","thread":"main","message":"Starting the transfer of values","context":""}
]]></system-out>
  </testcase>
  <testcase name="transactionHistory_success" classname="com.example.wallet.service.WalletServiceTest" time="0.006">
    <system-out><![CDATA[{"timestamp":"2025-05-29T23:33:12.261-0300","level":"INFO","logger":"com.example.wallet.serviceImpl.WalletServiceImpl","thread":"main","message":"Consulting the wallet history","context":""}
]]></system-out>
  </testcase>
  <testcase name="createWallet_success" classname="com.example.wallet.service.WalletServiceTest" time="0.003">
    <system-out><![CDATA[{"timestamp":"2025-05-29T23:33:12.266-0300","level":"INFO","logger":"com.example.wallet.serviceImpl.WalletServiceImpl","thread":"main","message":"Created a new wallet","context":""}
]]></system-out>
  </testcase>
  <testcase name="getWallet_notFound" classname="com.example.wallet.service.WalletServiceTest" time="0.003">
    <system-out><![CDATA[{"timestamp":"2025-05-29T23:33:12.270-0300","level":"INFO","logger":"com.example.wallet.serviceImpl.WalletServiceImpl","thread":"main","message":"Retrieve the current balance of a user's wallet","context":""}
]]></system-out>
  </testcase>
  <testcase name="deposit_success" classname="com.example.wallet.service.WalletServiceTest" time="0.004">
    <system-out><![CDATA[{"timestamp":"2025-05-29T23:33:12.274-0300","level":"INFO","logger":"com.example.wallet.serviceImpl.WalletServiceImpl","thread":"main","message":"Depositing value into the wallet","context":""}
]]></system-out>
  </testcase>
</testsuite>