<?xml version="1.0" encoding="UTF-8"?>
<testsuite xmlns:xsi="http://www.w3.org/2001/XMLSchema-instance" xsi:noNamespaceSchemaLocation="https://maven.apache.org/surefire/maven-surefire-plugin/xsd/surefire-test-report.xsd" version="3.0.2" name="com.example.wallet.service.it.WalletControllerITTest" time="16.08" tests="9" errors="0" skipped="0" failures="0">
  <properties>
[...]
</properties>
  <testcase name="testCreateWallet" classname="com.example.wallet.service.it.WalletControllerITTest" time="2.265">
    <system-out><![CDATA[23:32:55.928 [main] INFO org.springframework.test.context.support.AnnotationConfigContextLoaderUtils -- Could not detect default configuration classes for test class [com.example.wallet.service.it.WalletControllerITTest]: WalletControllerITTest does not declare any static, non-private, non-final, nested classes annotated with @Configuration.
23:32:56.118 [main] INFO org.springframework.boot.test.context.SpringBootTestContextBootstrapper -- Found @SpringBootConfiguration com.example.wallet.WalletApplication for test class com.example.wallet.service.it.WalletControllerITTest
23:32:56.303 [main] INFO org.testcontainers.images.PullPolicy -- Image pull policy will be performed by: DefaultPullPolicy()
23:32:56.307 [main] INFO org.testcontainers.utility.ImageNameSubstitutor -- Image name substitution will be performed by: DefaultImageNameSubstitutor (composite of 'ConfigurationFileImageNameSubstitutor' and 'PrefixingImageNameSubstitutor')
23:32:56.317 [main] INFO org.testcontainers.DockerClientFactory -- Testcontainers version: 1.21.0
23:32:56.628 [main] INFO org.testcontainers.dockerclient.DockerClientProviderStrategy -- Loaded org.testcontainers.dockerclient.RootlessDockerClientProviderStrategy from ~/.testcontainers.properties, will try it first
23:32:57.010 [main] INFO org.testcontainers.dockerclient.DockerClientProviderStrategy -- Found Docker environment with Rootless Docker accessed via Unix socket (/run/user/1000/docker.sock)
23:32:57.011 [main] INFO org.testcontainers.DockerClientFactory -- Docker host IP address is localhost
23:32:57.035 [main] INFO org.testcontainers.DockerClientFactory -- Connected to docker: 
  Server Version: 28.1.1
  API Version: 1.49
  Operating System: Fedora Linux 40 (Workstation Edition)
  Total Memory: 15720 MB
23:32:57.085 [main] INFO tc.testcontainers/ryuk:0.11.0 -- Creating container for image: testcontainers/ryuk:0.11.0
23:32:57.240 [main] INFO tc.testcontainers/ryuk:0.11.0 -- Container testcontainers/ryuk:0.11.0 is starting: 8b83deb0dff00b2041bbf1ea2c6a73205786d379686ccaba11b2324145c956d6
23:32:57.620 [main] INFO tc.testcontainers/ryuk:0.11.0 -- Container testcontainers/ryuk:0.11.0 started in PT0.535222527S
23:32:57.627 [main] INFO org.testcontainers.utility.RyukResourceReaper -- Ryuk started - will monitor and terminate Testcontainers containers on JVM exit
23:32:57.627 [main] INFO org.testcontainers.DockerClientFactory -- Checking the system...
23:32:57.628 [main] INFO org.testcontainers.DockerClientFactory -- ✔︎ Docker server version should be at least 1.6.0
23:32:57.630 [main] INFO tc.postgres:16-alpine -- Creating container for image: postgres:16-alpine
23:32:57.662 [main] INFO tc.postgres:16-alpine -- Container postgres:16-alpine is starting: 0fa7a28fa17ea3fec68bad721d9fa2063c6fe5d21233ea10157050ca4e4b6ab6
23:33:00.788 [main] INFO tc.postgres:16-alpine -- Container postgres:16-alpine started in PT3.158148291S
23:33:00.789 [main] INFO tc.postgres:16-alpine -- Container is started (JDBC URL: jdbc:postgresql://localhost:32789/test?loggerLevel=OFF)

  .   ____          _            __ _ _
 /\\ / ___'_ __ _ _(_)_ __  __ _ \ \ \ \
( ( )\___ | '_ | '_| | '_ \/ _` | \ \ \ \
 \\/  ___)| |_)| | | | | || (_| |  ) ) ) )
  '  |____| .__|_| |_|_| |_\__, | / / / /
 =========|_|==============|___/=/_/_/_/

 :: Spring Boot ::                (v3.5.0)

{"timestamp":"2025-05-29T23:33:01.483-0300","level":"INFO","logger":"org.hibernate.validator.internal.util.Version","thread":"background-preinit","message":"HV000001: Hibernate Validator 8.0.2.Final","context":""}
{"timestamp":"2025-05-29T23:33:01.570-0300","level":"INFO","logger":"com.example.wallet.service.it.WalletControllerITTest","thread":"main","message":"Starting WalletControllerITTest using Java 17.0.15 with PID 14336 (started by alendegeraldo in /home/alendegeraldo/Downloads/wallet)","context":""}
{"timestamp":"2025-05-29T23:33:01.572-0300","level":"INFO","logger":"com.example.wallet.service.it.WalletControllerITTest","thread":"main","message":"No active profile set, falling back to 1 default profile: \"default\"","context":""}
{"timestamp":"2025-05-29T23:33:03.140-0300","level":"INFO","logger":"org.springframework.data.repository.config.RepositoryConfigurationDelegate","thread":"main","message":"Bootstrapping Spring Data JPA repositories in DEFAULT mode.","context":""}
{"timestamp":"2025-05-29T23:33:03.227-0300","level":"INFO","logger":"org.springframework.data.repository.config.RepositoryConfigurationDelegate","thread":"main","message":"Finished Spring Data repository scanning in 71 ms. Found 2 JPA repository interfaces.","context":""}
{"timestamp":"2025-05-29T23:33:04.012-0300","level":"INFO","logger":"org.springframework.boot.web.embedded.tomcat.TomcatWebServer","thread":"main","message":"Tomcat initialized with port 0 (http)","context":""}
{"timestamp":"2025-05-29T23:33:04.029-0300","level":"INFO","logger":"org.apache.coyote.http11.Http11NioProtocol","thread":"main","message":"Initializing ProtocolHandler [\"http-nio-auto-1\"]","context":""}
{"timestamp":"2025-05-29T23:33:04.031-0300","level":"INFO","logger":"org.apache.catalina.core.StandardService","thread":"main","message":"Starting service [Tomcat]","context":""}
{"timestamp":"2025-05-29T23:33:04.032-0300","level":"INFO","logger":"org.apache.catalina.core.StandardEngine","thread":"main","message":"Starting Servlet engine: [Apache Tomcat/10.1.41]","context":""}
{"timestamp":"2025-05-29T23:33:04.122-0300","level":"INFO","logger":"org.apache.catalina.core.ContainerBase.[Tomcat].[localhost].[/]","thread":"main","message":"Initializing Spring embedded WebApplicationContext","context":""}
{"timestamp":"2025-05-29T23:33:04.123-0300","level":"INFO","logger":"org.springframework.boot.web.servlet.context.ServletWebServerApplicationContext","thread":"main","message":"Root WebApplicationContext: initialization completed in 2251 ms","context":""}
{"timestamp":"2025-05-29T23:33:04.529-0300","level":"INFO","logger":"org.hibernate.jpa.internal.util.LogHelper","thread":"main","message":"HHH000204: Processing PersistenceUnitInfo [name: default]","context":""}
{"timestamp":"2025-05-29T23:33:04.588-0300","level":"INFO","logger":"org.hibernate.Version","thread":"main","message":"HHH000412: Hibernate ORM core version 6.6.15.Final","context":""}
{"timestamp":"2025-05-29T23:33:04.631-0300","level":"INFO","logger":"org.hibernate.cache.internal.RegionFactoryInitiator","thread":"main","message":"HHH000026: Second-level cache disabled","context":""}
{"timestamp":"2025-05-29T23:33:04.785-0300","level":"INFO","logger":"org.springframework.orm.jpa.persistenceunit.SpringPersistenceUnitInfo","thread":"main","message":"No LoadTimeWeaver setup: ignoring JPA class transformer","context":""}
{"timestamp":"2025-05-29T23:33:04.837-0300","level":"INFO","logger":"com.zaxxer.hikari.HikariDataSource","thread":"main","message":"HikariPool-1 - Starting...","context":""}
{"timestamp":"2025-05-29T23:33:05.105-0300","level":"INFO","logger":"com.zaxxer.hikari.pool.HikariPool","thread":"main","message":"HikariPool-1 - Added connection org.postgresql.jdbc.PgConnection@4c2812aa","context":""}
{"timestamp":"2025-05-29T23:33:05.107-0300","level":"INFO","logger":"com.zaxxer.hikari.HikariDataSource","thread":"main","message":"HikariPool-1 - Start completed.","context":""}
{"timestamp":"2025-05-29T23:33:05.150-0300","level":"WARN","logger":"org.hibernate.orm.deprecation","thread":"main","message":"HHH90000025: PostgreSQLDialect does not need to be specified explicitly using 'hibernate.dialect' (remove the property setting and it will be selected by default)","context":""}
{"timestamp":"2025-05-29T23:33:05.186-0300","level":"INFO","logger":"org.hibernate.orm.connections.pooling","thread":"main","message":"HHH10001005: Database info:\n\tDatabase JDBC URL [Connecting through datasource 'HikariDataSource (HikariPool-1)']\n\tDatabase driver: undefined/unknown\n\tDatabase version: 16.9\n\tAutocommit mode: undefined/unknown\n\tIsolation level: undefined/unknown\n\tMinimum pool size: undefined/unknown\n\tMaximum pool size: undefined/unknown","context":""}
{"timestamp":"2025-05-29T23:33:06.244-0300","level":"INFO","logger":"org.hibernate.engine.transaction.jta.platform.internal.JtaPlatformInitiator","thread":"main","message":"HHH000489: No JTA platform available (set 'hibernate.transaction.jta.platform' to enable JTA platform integration)","context":""}
{"timestamp":"2025-05-29T23:33:06.338-0300","level":"WARN","logger":"org.hibernate.engine.jdbc.spi.SqlExceptionHelper","thread":"main","message":"SQL Warning Code: 0, SQLState: 00000","context":""}
{"timestamp":"2025-05-29T23:33:06.338-0300","level":"WARN","logger":"org.hibernate.engine.jdbc.spi.SqlExceptionHelper","thread":"main","message":"constraint \"ukarq0cvgdtjn8vkumfscpnqdtw\" of relation \"wallet\" does not exist, skipping","context":""}
{"timestamp":"2025-05-29T23:33:06.347-0300","level":"INFO","logger":"org.springframework.orm.jpa.LocalContainerEntityManagerFactoryBean","thread":"main","message":"Initialized JPA EntityManagerFactory for persistence unit 'default'","context":""}
{"timestamp":"2025-05-29T23:33:06.965-0300","level":"WARN","logger":"org.springframework.boot.autoconfigure.orm.jpa.JpaBaseConfiguration$JpaWebConfiguration","thread":"main","message":"spring.jpa.open-in-view is enabled by default. Therefore, database queries may be performed during view rendering. Explicitly configure spring.jpa.open-in-view to disable this warning","context":""}
{"timestamp":"2025-05-29T23:33:07.832-0300","level":"INFO","logger":"org.springframework.boot.actuate.endpoint.web.EndpointLinksResolver","thread":"main","message":"Exposing 1 endpoint beneath base path '/actuator'","context":""}
{"timestamp":"2025-05-29T23:33:08.137-0300","level":"INFO","logger":"org.apache.coyote.http11.Http11NioProtocol","thread":"main","message":"Starting ProtocolHandler [\"http-nio-auto-1\"]","context":""}
{"timestamp":"2025-05-29T23:33:08.153-0300","level":"INFO","logger":"org.springframework.boot.web.embedded.tomcat.TomcatWebServer","thread":"main","message":"Tomcat started on port 43029 (http) with context path '/'","context":""}
{"timestamp":"2025-05-29T23:33:08.189-0300","level":"INFO","logger":"com.example.wallet.service.it.WalletControllerITTest","thread":"main","message":"Started WalletControllerITTest in 7.364 seconds (process running for 14.494)","context":""}
{"timestamp":"2025-05-29T23:33:09.605-0300","level":"INFO","logger":"org.apache.catalina.core.ContainerBase.[Tomcat].[localhost].[/]","thread":"http-nio-auto-1-exec-1","message":"Initializing Spring DispatcherServlet 'dispatcherServlet'","context":""}
{"timestamp":"2025-05-29T23:33:09.606-0300","level":"INFO","logger":"org.springframework.web.servlet.DispatcherServlet","thread":"http-nio-auto-1-exec-1","message":"Initializing Servlet 'dispatcherServlet'","context":""}
{"timestamp":"2025-05-29T23:33:09.609-0300","level":"INFO","logger":"org.springframework.web.servlet.DispatcherServlet","thread":"http-nio-auto-1-exec-1","message":"Completed initialization in 2 ms","context":""}
{"timestamp":"2025-05-29T23:33:09.748-0300","level":"INFO","logger":"com.example.wallet.serviceImpl.WalletServiceImpl","thread":"http-nio-auto-1-exec-1","message":"Created a new wallet","context":"requestId=11d53de0-2e2b-4c44-8260-440a697176a3"}
]]></system-out>
  </testcase>
  <testcase name="shouldDepositSuccessfully" classname="com.example.wallet.service.it.WalletControllerITTest" time="0.214">
    <system-out><![CDATA[{"timestamp":"2025-05-29T23:33:10.551-0300","level":"INFO","logger":"com.example.wallet.serviceImpl.WalletServiceImpl","thread":"main","message":"Created a new wallet","context":""}
{"timestamp":"2025-05-29T23:33:10.628-0300","level":"INFO","logger":"com.example.wallet.serviceImpl.WalletServiceImpl","thread":"http-nio-auto-1-exec-2","message":"Depositing value into the wallet","context":"requestId=8d02f9a4-e43d-46ba-8927-5961ba9f476c"}
{"timestamp":"2025-05-29T23:33:10.677-0300","level":"INFO","logger":"com.example.wallet.serviceImpl.TransationServiceImpl","thread":"http-nio-auto-1-exec-2","message":"Recording the deposit transaction","context":"requestId=8d02f9a4-e43d-46ba-8927-5961ba9f476c"}
{"timestamp":"2025-05-29T23:33:10.685-0300","level":"INFO","logger":"com.example.wallet.serviceImpl.TransationServiceImpl","thread":"http-nio-auto-1-exec-2","message":"Wallet 2 deposit amount 10 with operator code AD","context":"requestId=8d02f9a4-e43d-46ba-8927-5961ba9f476c"}
]]></system-out>
  </testcase>
  <testcase name="shouldFailDepositWithInvalidAmount" classname="com.example.wallet.service.it.WalletControllerITTest" time="0.116">
    <system-out><![CDATA[{"timestamp":"2025-05-29T23:33:10.773-0300","level":"INFO","logger":"com.example.wallet.serviceImpl.WalletServiceImpl","thread":"main","message":"Created a new wallet","context":""}
]]></system-out>
  </testcase>
  <testcase name="shouldFailTransferWithInsufficientFunds" classname="com.example.wallet.service.it.WalletControllerITTest" time="0.137">
    <system-out><![CDATA[{"timestamp":"2025-05-29T23:33:10.873-0300","level":"INFO","logger":"com.example.wallet.serviceImpl.WalletServiceImpl","thread":"main","message":"Created a new wallet","context":""}
{"timestamp":"2025-05-29T23:33:10.878-0300","level":"INFO","logger":"com.example.wallet.serviceImpl.WalletServiceImpl","thread":"main","message":"Created a new wallet","context":""}
{"timestamp":"2025-05-29T23:33:10.882-0300","level":"INFO","logger":"com.example.wallet.serviceImpl.WalletServiceImpl","thread":"main","message":"Depositing value into the wallet","context":""}
{"timestamp":"2025-05-29T23:33:10.889-0300","level":"INFO","logger":"com.example.wallet.serviceImpl.TransationServiceImpl","thread":"main","message":"Recording the deposit transaction","context":""}
{"timestamp":"2025-05-29T23:33:10.892-0300","level":"INFO","logger":"com.example.wallet.serviceImpl.TransationServiceImpl","thread":"main","message":"Wallet 4 deposit amount 10 with operator code OPC","context":""}
{"timestamp":"2025-05-29T23:33:10.942-0300","level":"INFO","logger":"com.example.wallet.serviceImpl.WalletServiceImpl","thread":"http-nio-auto-1-exec-4","message":"Starting the transfer of values","context":"requestId=d63a6c59-d51e-440b-be2f-4a278a25ed20"}
{"timestamp":"2025-05-29T23:33:10.961-0300","level":"ERROR","logger":"com.example.wallet.exceptionhandler.GlobalControllerExceptionHandler","thread":"http-nio-auto-1-exec-4","message":"Insufficient balance to carry out the operation.","context":"requestId=d63a6c59-d51e-440b-be2f-4a278a25ed20"}
]]></system-out>
  </testcase>
  <testcase name="shouldReturnNotFoundWhenGettingBalanceOfInvalidId" classname="com.example.wallet.service.it.WalletControllerITTest" time="0.068">
    <system-out><![CDATA[{"timestamp":"2025-05-29T23:33:11.049-0300","level":"INFO","logger":"com.example.wallet.serviceImpl.WalletServiceImpl","thread":"http-nio-auto-1-exec-5","message":"Retrieve the current balance of a user's wallet","context":"requestId=6faae6ae-ea3e-4b64-9071-5dfac4a93686"}
{"timestamp":"2025-05-29T23:33:11.056-0300","level":"ERROR","logger":"com.example.wallet.exceptionhandler.GlobalControllerExceptionHandler","thread":"http-nio-auto-1-exec-5","message":"Wallet with ID 99999 not found.","context":"requestId=6faae6ae-ea3e-4b64-9071-5dfac4a93686"}
]]></system-out>
  </testcase>
  <testcase name="shouldWithdrawSuccessfully" classname="com.example.wallet.service.it.WalletControllerITTest" time="0.101">
    <system-out><![CDATA[{"timestamp":"2025-05-29T23:33:11.083-0300","level":"INFO","logger":"com.example.wallet.serviceImpl.WalletServiceImpl","thread":"main","message":"Created a new wallet","context":""}
{"timestamp":"2025-05-29T23:33:11.087-0300","level":"INFO","logger":"com.example.wallet.serviceImpl.WalletServiceImpl","thread":"main","message":"Depositing value into the wallet","context":""}
{"timestamp":"2025-05-29T23:33:11.096-0300","level":"INFO","logger":"com.example.wallet.serviceImpl.TransationServiceImpl","thread":"main","message":"Recording the deposit transaction","context":""}
{"timestamp":"2025-05-29T23:33:11.099-0300","level":"INFO","logger":"com.example.wallet.serviceImpl.TransationServiceImpl","thread":"main","message":"Wallet 6 deposit amount 10 with operator code code12&3","context":""}
{"timestamp":"2025-05-29T23:33:11.125-0300","level":"INFO","logger":"com.example.wallet.serviceImpl.WalletServiceImpl","thread":"http-nio-auto-1-exec-6","message":"Starting the withdrawal of funds","context":"requestId=faa62072-68df-4598-94aa-afa959fb32c7"}
{"timestamp":"2025-05-29T23:33:11.138-0300","level":"INFO","logger":"com.example.wallet.serviceImpl.TransationServiceImpl","thread":"http-nio-auto-1-exec-6","message":"Withdrawing funds from the wallet","context":"requestId=faa62072-68df-4598-94aa-afa959fb32c7"}
{"timestamp":"2025-05-29T23:33:11.142-0300","level":"INFO","logger":"com.example.wallet.serviceImpl.TransationServiceImpl","thread":"http-nio-auto-1-exec-6","message":"Wallet 6 withdraw amount 1 with operator code code12l","context":"requestId=faa62072-68df-4598-94aa-afa959fb32c7"}
]]></system-out>
  </testcase>
  <testcase name="shouldGetBalanceSuccessfully" classname="com.example.wallet.service.it.WalletControllerITTest" time="0.084">
    <system-out><![CDATA[{"timestamp":"2025-05-29T23:33:11.193-0300","level":"INFO","logger":"com.example.wallet.serviceImpl.WalletServiceImpl","thread":"main","message":"Created a new wallet","context":""}
{"timestamp":"2025-05-29T23:33:11.197-0300","level":"INFO","logger":"com.example.wallet.serviceImpl.WalletServiceImpl","thread":"main","message":"Depositing value into the wallet","context":""}
{"timestamp":"2025-05-29T23:33:11.204-0300","level":"INFO","logger":"com.example.wallet.serviceImpl.TransationServiceImpl","thread":"main","message":"Recording the deposit transaction","context":""}
{"timestamp":"2025-05-29T23:33:11.207-0300","level":"INFO","logger":"com.example.wallet.serviceImpl.TransationServiceImpl","thread":"main","message":"Wallet 7 deposit amount 120.00 with operator code code12&3","context":""}
{"timestamp":"2025-05-29T23:33:11.222-0300","level":"INFO","logger":"com.example.wallet.serviceImpl.WalletServiceImpl","thread":"http-nio-auto-1-exec-7","message":"Retrieve the current balance of a user's wallet","context":"requestId=1c450a4a-ffe6-4029-a9d6-7aa52502adc3"}
]]></system-out>
  </testcase>
  <testcase name="shouldTransferSuccessfully" classname="com.example.wallet.service.it.WalletControllerITTest" time="0.127">
    <system-out><![CDATA[{"timestamp":"2025-05-29T23:33:11.275-0300","level":"INFO","logger":"com.example.wallet.serviceImpl.WalletServiceImpl","thread":"main","message":"Created a new wallet","context":""}
{"timestamp":"2025-05-29T23:33:11.280-0300","level":"INFO","logger":"com.example.wallet.serviceImpl.WalletServiceImpl","thread":"main","message":"Created a new wallet","context":""}
{"timestamp":"2025-05-29T23:33:11.285-0300","level":"INFO","logger":"com.example.wallet.serviceImpl.WalletServiceImpl","thread":"main","message":"Depositing value into the wallet","context":""}
{"timestamp":"2025-05-29T23:33:11.293-0300","level":"INFO","logger":"com.example.wallet.serviceImpl.TransationServiceImpl","thread":"main","message":"Recording the deposit transaction","context":""}
{"timestamp":"2025-05-29T23:33:11.297-0300","level":"INFO","logger":"com.example.wallet.serviceImpl.TransationServiceImpl","thread":"main","message":"Wallet 8 deposit amount 110 with operator code OPC","context":""}
{"timestamp":"2025-05-29T23:33:11.337-0300","level":"INFO","logger":"com.example.wallet.serviceImpl.WalletServiceImpl","thread":"http-nio-auto-1-exec-8","message":"Starting the transfer of values","context":"requestId=9d5fd663-399b-412c-855b-adf0708ad884"}
{"timestamp":"2025-05-29T23:33:11.349-0300","level":"INFO","logger":"com.example.wallet.serviceImpl.TransationServiceImpl","thread":"http-nio-auto-1-exec-8","message":"Transfer of funds","context":"requestId=9d5fd663-399b-412c-855b-adf0708ad884"}
{"timestamp":"2025-05-29T23:33:11.353-0300","level":"INFO","logger":"com.example.wallet.serviceImpl.TransationServiceImpl","thread":"http-nio-auto-1-exec-8","message":"Wallet 8 transfer Amount 110 OperatorCode OPCA","context":"requestId=9d5fd663-399b-412c-855b-adf0708ad884"}
{"timestamp":"2025-05-29T23:33:11.358-0300","level":"INFO","logger":"com.example.wallet.serviceImpl.TransationServiceImpl","thread":"http-nio-auto-1-exec-8","message":"Wallet 8 sent an amount to wallet 9 in the amount of 110 with operator code OPCA","context":"requestId=9d5fd663-399b-412c-855b-adf0708ad884"}
]]></system-out>
  </testcase>
  <testcase name="shouldFailWithdrawWithInsufficientFunds" classname="com.example.wallet.service.it.WalletControllerITTest" time="0.109">
    <system-out><![CDATA[{"timestamp":"2025-05-29T23:33:11.409-0300","level":"INFO","logger":"com.example.wallet.serviceImpl.WalletServiceImpl","thread":"main","message":"Created a new wallet","context":""}
{"timestamp":"2025-05-29T23:33:11.413-0300","level":"INFO","logger":"com.example.wallet.serviceImpl.WalletServiceImpl","thread":"main","message":"Depositing value into the wallet","context":""}
{"timestamp":"2025-05-29T23:33:11.421-0300","level":"INFO","logger":"com.example.wallet.serviceImpl.TransationServiceImpl","thread":"main","message":"Recording the deposit transaction","context":""}
{"timestamp":"2025-05-29T23:33:11.425-0300","level":"INFO","logger":"com.example.wallet.serviceImpl.TransationServiceImpl","thread":"main","message":"Wallet 10 deposit amount 11 with operator code code124","context":""}
{"timestamp":"2025-05-29T23:33:11.456-0300","level":"INFO","logger":"com.example.wallet.serviceImpl.WalletServiceImpl","thread":"http-nio-auto-1-exec-9","message":"Starting the withdrawal of funds","context":"requestId=c63ce53b-84fa-4306-b0f1-390a6a75dfa5"}
{"timestamp":"2025-05-29T23:33:11.466-0300","level":"ERROR","logger":"com.example.wallet.exceptionhandler.GlobalControllerExceptionHandler","thread":"http-nio-auto-1-exec-9","message":"Insufficient balance to carry out the operation.","context":"requestId=c63ce53b-84fa-4306-b0f1-390a6a75dfa5"}
]]></system-out>
  </testcase>
</testsuite>